<?xml version="1.0" encoding="UTF-8"?>
<testng-results skipped="0" failed="0" ignored="0" total="4" passed="4">
  <reporter-output>
  </reporter-output>
  <suite name="Default suite" duration-ms="71" started-at="2019-06-12T11:20:57Z" finished-at="2019-06-12T11:20:57Z">
    <groups>
    </groups>
    <test name="Default test" duration-ms="71" started-at="2019-06-12T11:20:57Z" finished-at="2019-06-12T11:20:57Z">
      <class name="com.jerry.mytest.CalculatorTest">
        <test-method status="PASS" signature="beforeMethod()[pri:0, instance:com.jerry.mytest.CalculatorTest@482f8f11]" name="beforeMethod" is-config="true" duration-ms="6" started-at="2019-06-12T11:20:57Z" finished-at="2019-06-12T11:20:57Z">
          <reporter-output>
          </reporter-output>
        </test-method> <!-- beforeMethod -->
        <test-method status="PASS" signature="testAdd()[pri:0, instance:com.jerry.mytest.CalculatorTest@482f8f11]" name="testAdd" duration-ms="7" started-at="2019-06-12T11:20:57Z" finished-at="2019-06-12T11:20:57Z">
          <reporter-output>
          </reporter-output>
        </test-method> <!-- testAdd -->
        <test-method status="PASS" signature="testDivide()[pri:0, instance:com.jerry.mytest.CalculatorTest@482f8f11]" name="testDivide" duration-ms="3" started-at="2019-06-12T11:20:57Z" finished-at="2019-06-12T11:20:57Z">
          <reporter-output>
          </reporter-output>
        </test-method> <!-- testDivide -->
        <test-method status="PASS" signature="beforeMethod()[pri:0, instance:com.jerry.mytest.CalculatorTest@482f8f11]" name="beforeMethod" is-config="true" duration-ms="0" started-at="2019-06-12T11:20:57Z" finished-at="2019-06-12T11:20:57Z">
          <reporter-output>
          </reporter-output>
        </test-method> <!-- beforeMethod -->
        <test-method status="PASS" signature="beforeMethod()[pri:0, instance:com.jerry.mytest.CalculatorTest@482f8f11]" name="beforeMethod" is-config="true" duration-ms="0" started-at="2019-06-12T11:20:57Z" finished-at="2019-06-12T11:20:57Z">
          <reporter-output>
          </reporter-output>
        </test-method> <!-- beforeMethod -->
        <test-method status="PASS" signature="testMultiply()[pri:0, instance:com.jerry.mytest.CalculatorTest@482f8f11]" name="testMultiply" duration-ms="4" started-at="2019-06-12T11:20:57Z" finished-at="2019-06-12T11:20:57Z">
          <reporter-output>
          </reporter-output>
        </test-method> <!-- testMultiply -->
        <test-method status="PASS" signature="beforeMethod()[pri:0, instance:com.jerry.mytest.CalculatorTest@482f8f11]" name="beforeMethod" is-config="true" duration-ms="0" started-at="2019-06-12T11:20:57Z" finished-at="2019-06-12T11:20:57Z">
          <reporter-output>
          </reporter-output>
        </test-method> <!-- beforeMethod -->
        <test-method status="PASS" signature="testSubstract()[pri:0, instance:com.jerry.mytest.CalculatorTest@482f8f11]" name="testSubstract" duration-ms="3" started-at="2019-06-12T11:20:57Z" finished-at="2019-06-12T11:20:57Z">
          <reporter-output>
          </reporter-output>
        </test-method> <!-- testSubstract -->
      </class> <!-- com.jerry.mytest.CalculatorTest -->
    </test> <!-- Default test -->
  </suite> <!-- Default suite -->
</testng-results>
